GROUP,PACKAGE,CLASS,INSTRUCTION_MISSED,INSTRUCTION_COVERED,BRANCH_MISSED,BRANCH_COVERED,LINE_MISSED,LINE_COVERED,COMPLEXITY_MISSED,COMPLEXITY_COVERED,METHOD_MISSED,METHOD_COVERED
Bookstore,com.bookstore.service.mapper,SectorMapper,0,13,0,2,0,5,0,2,0,1
Bookstore,com.bookstore.service.mapper,ZonalMapperImpl,62,43,10,2,16,13,8,3,2,3
Bookstore,com.bookstore.service.mapper,UserMapper,24,88,2,4,9,26,4,7,2,6
Bookstore,com.bookstore.service.mapper,ZonalMapper,0,13,0,2,0,5,0,2,0,1
Bookstore,com.bookstore.service.mapper,SectorMapperImpl,90,88,20,8,28,28,16,5,2,5
Bookstore,com.bookstore.config,JacksonConfiguration,0,19,0,0,0,5,0,5,0,5
Bookstore,com.bookstore.config,DateTimeFormatConfiguration,0,14,0,0,0,5,0,2,0,2
Bookstore,com.bookstore.config,LoggingAspectConfiguration,5,3,0,0,1,1,1,1,1,1
Bookstore,com.bookstore.config,CloudDatabaseConfiguration,15,0,0,0,4,0,2,0,2,0
Bookstore,com.bookstore.config,LiquibaseConfiguration,4,55,1,1,1,14,1,2,0,2
Bookstore,com.bookstore.config,LoggingConfiguration,0,233,2,8,0,59,2,7,0,4
Bookstore,com.bookstore.config,LocaleConfiguration,0,24,0,0,0,8,0,3,0,3
Bookstore,com.bookstore.config,AsyncConfiguration,0,48,0,0,0,12,0,3,0,3
Bookstore,com.bookstore.config,WebConfigurer,12,344,7,15,3,73,7,15,0,11
Bookstore,com.bookstore.config,LoggingConfiguration.LogbackLoggerContextListener,13,7,0,0,6,2,4,2,4,2
Bookstore,com.bookstore.config,SecurityConfiguration,7,283,0,0,2,71,0,9,0,9
Bookstore,com.bookstore.config,MetricsConfiguration,0,160,3,3,0,37,3,5,0,5
Bookstore,com.bookstore.config,DatabaseConfiguration,0,7,0,0,0,2,0,1,0,1
Bookstore,com.bookstore.config,ApplicationProperties,0,3,0,0,0,1,0,1,0,1
Bookstore,com.bookstore.config,DefaultProfileUtil,24,0,2,0,8,0,3,0,2,0
Bookstore,com.bookstore.config,CacheConfiguration,13,26,0,0,3,10,1,2,1,2
Bookstore,com.bookstore.web.rest.vm,KeyAndPasswordVM,0,17,0,0,0,7,0,5,0,5
Bookstore,com.bookstore.web.rest.vm,LoggerVM,21,29,0,0,1,12,1,6,1,6
Bookstore,com.bookstore.web.rest.vm,ManagedUserVM,10,10,0,0,2,5,1,3,1,3
Bookstore,com.bookstore.service.impl,SectorServiceImpl,0,77,0,0,0,18,0,5,0,5
Bookstore,com.bookstore.service.impl,ZonalServiceImpl,0,82,0,0,0,19,0,5,0,5
Bookstore,com.bookstore.service,MailService,7,176,1,1,1,39,1,6,0,6
Bookstore,com.bookstore.service,UserService,18,568,2,6,3,149,4,27,2,25
Bookstore,com.bookstore.service,AuditEventService,0,52,0,0,0,12,0,4,0,4
Bookstore,com.bookstore.aop.logging,LoggingAspect,176,0,10,0,24,0,10,0,5,0
Bookstore,com.bookstore.config.audit,AuditEventConverter,41,83,8,8,10,19,7,6,1,4
Bookstore,com.bookstore.repository,CustomAuditEventRepository,12,121,2,10,3,28,3,7,1,3
Bookstore,com.bookstore.web.rest,AuditResource,0,56,0,0,0,12,0,4,0,4
Bookstore,com.bookstore.web.rest,AccountResource,20,266,2,20,1,62,5,27,3,18
Bookstore,com.bookstore.web.rest,ZonalResource,0,123,0,4,0,26,0,8,0,6
Bookstore,com.bookstore.web.rest,UserResource,0,196,0,14,0,39,0,14,0,7
Bookstore,com.bookstore.web.rest,SectorResource,0,136,0,4,0,28,0,8,0,6
Bookstore,com.bookstore.web.rest,LogsResource,0,27,0,0,0,9,0,3,0,3
Bookstore,com.bookstore.security,SpringSecurityAuditorAware,0,8,0,0,0,2,0,2,0,2
Bookstore,com.bookstore.security,DomainUserDetailsService,20,115,0,4,0,20,2,8,2,6
Bookstore,com.bookstore.security,SecurityUtils,2,79,1,3,1,18,1,9,0,8
Bookstore,com.bookstore.security,UserNotActivatedException,5,4,0,0,2,2,1,1,1,1
Bookstore,com.bookstore.security,PersistentTokenRememberMeServices.UpgradedRememberMeToken,32,0,4,0,8,0,4,0,2,0
Bookstore,com.bookstore.security,PersistentTokenRememberMeServices,326,24,16,0,72,6,15,1,7,1
Bookstore,com.bookstore.web.rest.errors,ExceptionTranslator,36,170,5,11,10,37,6,9,1,6
Bookstore,com.bookstore.web.rest.errors,EmailNotFoundException,0,6,0,0,0,2,0,1,0,1
Bookstore,com.bookstore.web.rest.errors,FieldErrorVM,0,21,0,0,0,8,0,4,0,4
Bookstore,com.bookstore.web.rest.errors,CustomParameterizedException,0,67,2,4,0,13,2,5,0,4
Bookstore,com.bookstore.web.rest.errors,ErrorConstants,0,25,0,0,0,8,0,1,0,1
Bookstore,com.bookstore.web.rest.errors,InternalServerErrorException,0,6,0,0,0,2,0,1,0,1
Bookstore,com.bookstore.web.rest.errors,EmailAlreadyUsedException,0,7,0,0,0,2,0,1,0,1
Bookstore,com.bookstore.web.rest.errors,LoginAlreadyUsedException,0,7,0,0,0,2,0,1,0,1
Bookstore,com.bookstore.web.rest.errors,BadRequestAlertException,0,54,0,0,0,12,0,5,0,5
Bookstore,com.bookstore.web.rest.errors,InvalidPasswordException,0,6,0,0,0,2,0,1,0,1
Bookstore,com.bookstore,BookstoreApp,90,24,8,2,19,8,6,3,1,3
Bookstore,com.bookstore,ApplicationWebXml,15,0,0,0,3,0,2,0,2,0
Bookstore,com.bookstore.domain,PersistentAuditEvent_,3,0,0,0,1,0,1,0,1,0
Bookstore,com.bookstore.domain,Sector,5,115,0,10,2,36,1,22,1,17
Bookstore,com.bookstore.domain,AbstractAuditingEntity,0,37,0,0,0,17,0,9,0,9
Bookstore,com.bookstore.domain,AbstractAuditingEntity_,3,0,0,0,1,0,1,0,1,0
Bookstore,com.bookstore.domain,Sector_,3,0,0,0,1,0,1,0,1,0
Bookstore,com.bookstore.domain,PersistentAuditEvent,4,39,0,0,2,15,1,10,1,10
Bookstore,com.bookstore.domain,Authority,0,67,0,14,0,12,0,13,0,6
Bookstore,com.bookstore.domain,PersistentToken_,3,0,0,0,1,0,1,0,1,0
Bookstore,com.bookstore.domain,PersistentToken,77,50,9,1,11,20,8,13,3,13
Bookstore,com.bookstore.domain,User_,3,0,0,0,1,0,1,0,1,0
Bookstore,com.bookstore.domain,Authority_,3,0,0,0,1,0,1,0,1,0
Bookstore,com.bookstore.domain,Zonal,32,96,0,10,11,28,5,17,5,12
Bookstore,com.bookstore.domain,Zonal_,3,0,0,0,1,0,1,0,1,0
Bookstore,com.bookstore.domain,User,4,215,0,12,2,53,1,37,1,31
Bookstore,com.bookstore.service.dto,SectorDTO,8,109,0,10,4,31,2,19,2,14
Bookstore,com.bookstore.service.dto,ZonalDTO,0,81,0,10,0,23,0,15,0,10
Bookstore,com.bookstore.service.dto,UserDTO,0,242,0,0,0,60,0,29,0,29
Bookstore,com.bookstore.service.dto,PasswordChangeDTO,0,26,0,0,0,12,0,6,0,6
Bookstore,com.bookstore.web.rest.util,PaginationUtil,0,132,0,6,0,15,0,5,0,2
Bookstore,com.bookstore.web.rest.util,HeaderUtil,0,82,0,0,0,13,0,6,0,6
Bookstore,com.bookstore.service.util,RandomUtil,6,9,0,0,2,3,2,3,2,3
